#
# There is insufficient memory for the Java Runtime Environment to continue.
# Native memory allocation (mmap) failed to map 134217728 bytes for Failed to commit area from 0x0000000081800000 to 0x0000000089800000 of length 134217728.
# Possible reasons:
#   The system is out of physical RAM or swap space
#   The process is running with CompressedOops enabled, and the Java Heap may be blocking the growth of the native heap
# Possible solutions:
#   Reduce memory load on the system
#   Increase physical memory or swap space
#   Check if swap backing store is full
#   Decrease Java heap size (-Xmx/-Xms)
#   Decrease number of Java threads
#   Decrease Java thread stack sizes (-Xss)
#   Set larger code cache with -XX:ReservedCodeCacheSize=
# This output file may be truncated or incomplete.
#
#  Out of Memory Error (c:/BuildAgent/work/1eae4dac1d648407/src/hotspot/os/windows/os_windows.cpp:3296), pid=9432, tid=17976
#
# JRE version:  (11.0.6+8) (build )
# Java VM: OpenJDK 64-Bit Server VM (11.0.6+8-b765.25, mixed mode, sharing, tiered, compressed oops, g1 gc, windows-amd64)
# No core dump will be written. Minidumps are not enabled by default on client versions of Windows
#

---------------  S U M M A R Y ------------

Command Line: org.jetbrains.git4idea.http.GitAskPassApp Username for 'https://gitee.com': 

Host: Intel(R) Core(TM) i5-8250U CPU @ 1.60GHz, 8 cores, 7G,  Windows 10 , 64 bit Build 18362 (10.0.18362.778)
Time: Wed Jun 17 14:29:40 2020 ?D1¨²¡À¨º¡Á?¨º¡À?? elapsed time: 0 seconds (0d 0h 0m 0s)

---------------  T H R E A D  ---------------

Current thread (0x000002a725399000):  JavaThread "Unknown thread" [_thread_in_vm, id=17976, stack(0x000000aae0200000,0x000000aae0300000)]

Stack: [0x000000aae0200000,0x000000aae0300000]
Native frames: (J=compiled Java code, j=interpreted, Vv=VM code, C=native code)
V  [jvm.dll+0x5de3ca]
V  [jvm.dll+0x710ae5]
V  [jvm.dll+0x712005]
V  [jvm.dll+0x7126b3]
V  [jvm.dll+0x23e708]
V  [jvm.dll+0x5db874]
V  [jvm.dll+0x5d0aa5]
V  [jvm.dll+0x2fb0fb]
V  [jvm.dll+0x2fb06a]
V  [jvm.dll+0x2faf42]
V  [jvm.dll+0x2ffe16]
V  [jvm.dll+0x348723]
V  [jvm.dll+0x348e26]
V  [jvm.dll+0x348823]
V  [jvm.dll+0x2d58a8]
V  [jvm.dll+0x2d6a47]
V  [jvm.dll+0x6ef917]
V  [jvm.dll+0x6f110c]
V  [jvm.dll+0x355d69]
V  [jvm.dll+0x6d4afe]
V  [jvm.dll+0x3bf3d3]
V  [jvm.dll+0x3c1921]
C  [jli.dll+0x5363]
C  [ucrtbase.dll+0x20e82]
C  [KERNEL32.DLL+0x17bd4]
C  [ntdll.dll+0x6ce51]


---------------  P R O C E S S  ---------------

Threads class SMR info:
_java_thread_list=0x000002a7230a6140, length=0, elements={
}

Java Threads: ( => current thread )

Other Threads:
  0x000002a7253b1000 GCTaskThread "GC Thread#0" [stack: 0x000000aae0300000,0x000000aae0400000] [id=9956]
  0x000002a7253e2800 ConcurrentGCThread "G1 Main Marker" [stack: 0x000000aae0400000,0x000000aae0500000] [id=13944]
  0x000002a7253e5000 ConcurrentGCThread "G1 Conc#0" [stack: 0x000000aae0500000,0x000000aae0600000] [id=7908]

[error occurred during error reporting (printing all threads), id 0xc0000005, EXCEPTION_ACCESS_VIOLATION (0xc0000005) at pc=0x00007fff29856227]

VM state:not at safepoint (not fully initialized)

VM Mutex/Monitor currently owned by a thread:  ([mutex/lock_event])
[0x000002a7253957e0] Heap_lock - owner thread: 0x000002a725399000

Heap address: 0x0000000081800000, size: 2024 MB, Compressed Oops mode: Non-zero based: 0x0000000081800000
Narrow klass base: 0x0000000000000000, Narrow klass shift: 0

GC Heap History (0 events):
No events

Deoptimization events (0 events):
No events

Classes redefined (0 events):
No events

Internal exceptions (0 events):
No events

Events (2 events):
Event: 0.035 Loaded shared library D:\Java\IntelliJ IDEA 2020.1\jbr\bin\zip.dll
Event: 0.036 Loaded shared library D:\Java\IntelliJ IDEA 2020.1\jbr\bin\jimage.dll


Dynamic libraries:
0x00007ff70f3c0000 - 0x00007ff70f3ca000 	D:\Java\IntelliJ IDEA 2020.1\jbr\bin\java.exe
0x00007fff92560000 - 0x00007fff92750000 	C:\WINDOWS\SYSTEM32\ntdll.dll
0x00007fff90a80000 - 0x00007fff90b32000 	C:\WINDOWS\System32\KERNEL32.DLL
0x00007fff90070000 - 0x00007fff90314000 	C:\WINDOWS\System32\KERNELBASE.dll
0x00007fff904c0000 - 0x00007fff905ba000 	C:\WINDOWS\System32\ucrtbase.dll
0x00007fff64f50000 - 0x00007fff64f67000 	D:\Java\IntelliJ IDEA 2020.1\jbr\bin\VCRUNTIME140.dll
0x00007fff5e450000 - 0x00007fff5e469000 	D:\Java\IntelliJ IDEA 2020.1\jbr\bin\jli.dll
0x00007fff910f0000 - 0x00007fff91284000 	C:\WINDOWS\System32\USER32.dll
0x00007fff8fca0000 - 0x00007fff8fcc1000 	C:\WINDOWS\System32\win32u.dll
0x00007fff7f770000 - 0x00007fff7f9f4000 	C:\WINDOWS\WinSxS\amd64_microsoft.windows.common-controls_6595b64144ccf1df_6.0.18362.836_none_e6c4b943130f18ed\COMCTL32.dll
0x00007fff90e90000 - 0x00007fff90eb6000 	C:\WINDOWS\System32\GDI32.dll
0x00007fff90b40000 - 0x00007fff90bde000 	C:\WINDOWS\System32\msvcrt.dll
0x00007fff90320000 - 0x00007fff904b4000 	C:\WINDOWS\System32\gdi32full.dll
0x00007fff906e0000 - 0x00007fff90a16000 	C:\WINDOWS\System32\combase.dll
0x00007fff8ff50000 - 0x00007fff8ffee000 	C:\WINDOWS\System32\msvcp_win.dll
0x00007fff92280000 - 0x00007fff923a0000 	C:\WINDOWS\System32\RPCRT4.dll
0x00007fff8fff0000 - 0x00007fff90070000 	C:\WINDOWS\System32\bcryptPrimitives.dll
0x00007fff90e50000 - 0x00007fff90e7e000 	C:\WINDOWS\System32\IMM32.DLL
0x00007fff5ecf0000 - 0x00007fff5ed8d000 	D:\Java\IntelliJ IDEA 2020.1\jbr\bin\msvcp140.dll
0x00007fff29570000 - 0x00007fff2a02d000 	D:\Java\IntelliJ IDEA 2020.1\jbr\bin\server\jvm.dll
0x00007fff914c0000 - 0x00007fff91563000 	C:\WINDOWS\System32\ADVAPI32.dll
0x00007fff90630000 - 0x00007fff906c7000 	C:\WINDOWS\System32\sechost.dll
0x00007fff906d0000 - 0x00007fff906d8000 	C:\WINDOWS\System32\PSAPI.DLL
0x00007fff8c890000 - 0x00007fff8c8b4000 	C:\WINDOWS\SYSTEM32\WINMM.dll
0x00007fff8acb0000 - 0x00007fff8acba000 	C:\WINDOWS\SYSTEM32\VERSION.dll
0x00007fff7e4f0000 - 0x00007fff7e4f9000 	C:\WINDOWS\SYSTEM32\WSOCK32.dll
0x00007fff8c4f0000 - 0x00007fff8c51d000 	C:\WINDOWS\SYSTEM32\WINMMBASE.dll
0x00007fff905c0000 - 0x00007fff9060a000 	C:\WINDOWS\System32\cfgmgr32.dll
0x00007fff90ec0000 - 0x00007fff90f2f000 	C:\WINDOWS\System32\ws2_32.DLL
0x00007fff8f480000 - 0x00007fff8f491000 	C:\WINDOWS\System32\kernel.appcore.dll
0x00007fff63a60000 - 0x00007fff63a71000 	D:\Java\IntelliJ IDEA 2020.1\jbr\bin\verify.dll
0x00007fff8dd40000 - 0x00007fff8df34000 	C:\WINDOWS\SYSTEM32\DBGHELP.DLL
0x00007fff81740000 - 0x00007fff8176a000 	C:\WINDOWS\SYSTEM32\dbgcore.DLL
0x00007fff5e470000 - 0x00007fff5e499000 	D:\Java\IntelliJ IDEA 2020.1\jbr\bin\java.dll
0x00007fff5e3f0000 - 0x00007fff5e408000 	D:\Java\IntelliJ IDEA 2020.1\jbr\bin\zip.dll
0x00007fff71430000 - 0x00007fff7143b000 	D:\Java\IntelliJ IDEA 2020.1\jbr\bin\jimage.dll

dbghelp: loaded successfully - version: 4.0.5 - missing functions: none
symbol engine: initialized successfully - sym options: 0x614 - pdb path: .;D:\Java\IntelliJ IDEA 2020.1\jbr\bin;C:\WINDOWS\SYSTEM32;C:\WINDOWS\WinSxS\amd64_microsoft.windows.common-controls_6595b64144ccf1df_6.0.18362.836_none_e6c4b943130f18ed;D:\Java\IntelliJ IDEA 2020.1\jbr\bin\server

VM Arguments:
java_command: org.jetbrains.git4idea.http.GitAskPassApp Username for 'https://gitee.com': 
java_class_path (initial): D:/Java/IntelliJ IDEA 2020.1/plugins/git4idea/lib/git4idea-rt.jar;D:/Java/IntelliJ IDEA 2020.1/lib/xmlrpc-2.0.1.jar;D:/Java/IntelliJ IDEA 2020.1/lib/commons-codec-1.14.jar;D:/Java/IntelliJ IDEA 2020.1/lib/util.jar
Launcher Type: SUN_STANDARD

[Global flags]
     intx CICompilerCount                          = 4                                         {product} {ergonomic}
     uint ConcGCThreads                            = 2                                         {product} {ergonomic}
     uint G1ConcRefinementThreads                  = 8                                         {product} {ergonomic}
   size_t G1HeapRegionSize                         = 1048576                                   {product} {ergonomic}
    uintx GCDrainStackTargetSize                   = 64                                        {product} {ergonomic}
   size_t InitialHeapSize                          = 134217728                                 {product} {ergonomic}
   size_t MarkStackSize                            = 4194304                                   {product} {ergonomic}
   size_t MaxHeapSize                              = 2122317824                                {product} {ergonomic}
   size_t MinHeapDeltaBytes                        = 1048576                                   {product} {ergonomic}
    uintx NonNMethodCodeHeapSize                   = 5836300                                {pd product} {ergonomic}
    uintx NonProfiledCodeHeapSize                  = 122910970                              {pd product} {ergonomic}
    uintx ProfiledCodeHeapSize                     = 122910970                              {pd product} {ergonomic}
    uintx ReservedCodeCacheSize                    = 251658240                              {pd product} {ergonomic}
     bool SegmentedCodeCache                       = true                                      {product} {ergonomic}
     bool UseCompressedClassPointers               = true                                 {lp64_product} {ergonomic}
     bool UseCompressedOops                        = true                                 {lp64_product} {ergonomic}
     bool UseG1GC                                  = true                                      {product} {ergonomic}
     bool UseLargePagesIndividualAllocation        = false                                  {pd product} {ergonomic}

Logging:
Log output configuration:
 #0: stdout all=warning uptime,level,tags
 #1: stderr all=off uptime,level,tags

Environment Variables:
JAVA_HOME=C:\Program Files\Java\jdk1.8.0_111
PATH=D:\Git\mingw64/libexec/git-core;D:\Git\mingw64/libexec/git-core;D:\Git\mingw64\bin;D:\Git\usr\bin;C:\Users\DELL\bin;C:\WINDOWS\system32\config\systemprofile\AppData\Local\Microsoft\WindowsApps;C:\Users\DELL\AppData\Local\Programs\Microsoft VS Code\bin;";C:\Program Files\Java\jdk1.8.0_111\bin;C:\Program Files\Java\jdk1.8.0_111\jre\bin;";C:\Program Files\Java\jdk1.8.0_111\bin\;C:\MySql\Files\MySQL\MySQL Server 5.7\bin;D:\Git\cmd;C:\Users\DELL\AppData\Local\Microsoft\WindowsApps;C:\Users\DELL\AppData\Local\Programs\Microsoft VS Code\bin;C:\mysql-8.0.18-winx64\bin;D:\IdeaMaven\apache-maven-3.5.4\bin;D:\IdeaMaven\apache-maven-3.5.4\bin;D:\Java\IntelliJ IDEA 2019.3.4\bin
USERNAME=DELL
DISPLAY=:0.0
OS=Windows_NT
PROCESSOR_IDENTIFIER=Intel64 Family 6 Model 142 Stepping 10, GenuineIntel



---------------  S Y S T E M  ---------------

OS: Windows 10 , 64 bit Build 18362 (10.0.18362.778)

CPU:total 8 (initial active 8) (4 cores per cpu, 2 threads per core) family 6 model 142 stepping 10, cmov, cx8, fxsr, mmx, sse, sse2, sse3, ssse3, sse4.1, sse4.2, popcnt, avx, avx2, aes, clmul, erms, 3dnowpref, lzcnt, ht, tsc, tscinvbit, bmi1, bmi2, adx, fma

Memory: 4k page, system-wide physical 8092M (601M free)
TotalPageFile size 24372M (AvailPageFile size 19M)
current process WorkingSet (physical memory assigned to process): 10M, peak: 10M
current process commit charge ("private bytes"): 60M, peak: 187M

vm_info: OpenJDK 64-Bit Server VM (11.0.6+8-b765.25) for windows-amd64 JRE (11.0.6+8-b765.25), built on Mar 30 2020 12:57:22 by "" with MS VC++ 14.0 (VS2015)

END.
